<?xml version="1.0" encoding="UTF-8"?>
<testsuites name="jest tests" tests="7" failures="0" time="12.315">
  <testsuite name="button" errors="0" failures="0" skipped="0" timestamp="2020-03-16T03:36:51" time="5.783" tests="1">
    <testcase classname="button 这是一个div" name="button 这是一个div" time="0.02">
    </testcase>
  </testsuite>
  <testsuite name="classnames方法" errors="0" failures="0" skipped="0" timestamp="2020-03-16T03:36:51" time="7.343" tests="4">
    <testcase classname="classnames方法 接受 1 个className" name="classnames方法 接受 1 个className" time="0.004">
    </testcase>
    <testcase classname="classnames方法 接受 2 个className" name="classnames方法 接受 2 个className" time="0">
    </testcase>
    <testcase classname="classnames方法 接受 undefined, 结果不会有undefined" name="classnames方法 接受 undefined, 结果不会有undefined" time="0.001">
    </testcase>
    <testcase classname="classnames方法 不传值，得到空字符串" name="classnames方法 不传值，得到空字符串" time="0">
    </testcase>
  </testsuite>
  <testsuite name="icon" errors="0" failures="0" skipped="0" timestamp="2020-03-16T03:36:51" time="7.475" tests="2">
    <testcase classname="icon 这是一个icon" name="icon 这是一个icon" time="0.022">
    </testcase>
    <testcase classname="icon onClick" name="icon onClick" time="0.046">
    </testcase>
  </testsuite>
</testsuites>